[0m[[0m[0mdebug[0m] [0m[0m> Exec(run, Some(ac299d34-2938-4bd1-a176-05cb212509e0), Some(CommandSource(console0)))[0m
[0m[[0m[0mdebug[0m] [0m[0mEvaluating tasks: Compile / run[0m
[0m[[0m[0mdebug[0m] [0m[0mRunning task... Cancel: Signal, check cycles: false, forcegc: true[0m
[0m[[0m[0minfo[0m] [0m[0mcompiling 2 Scala sources to /Users/mackerel/Desktop/connect4/target/scala-3.3.1/classes ...[0m
[0m[[0m[31merror[0m] [0m[0m[31m[31m-- [E103] Syntax Error: /Users/mackerel/Desktop/connect4/src/main/scala/Main.scala:64:4 [0m[0m[0m
[0m[[0m[31merror[0m] [0m[0m[31m64 |[0m    [33moverride[0m [33mdef[0m keyPressed(e: KeyEvent)[0m
[0m[[0m[31merror[0m] [0m[0m[31m[31m   |[0m    ^^^^^^^^[0m[0m
[0m[[0m[31merror[0m] [0m[0m[31m   |[0m    this kind of statement is not allowed here[0m
[0m[[0m[31merror[0m] [0m[0m[31m   |[0m[0m
[0m[[0m[31merror[0m] [0m[0m[31m   |[0m longer explanation available when compiling with `-explain`[0m
[0m[[0m[31merror[0m] [0m[0m[31m[31m-- [E040] Syntax Error: /Users/mackerel/Desktop/connect4/src/main/scala/Main.scala:145:0 [0m[0m[0m
[0m[[0m[31merror[0m] [0m[0m[31m145 |[0m})[0m
[0m[[0m[31merror[0m] [0m[0m[31m[31m    |[0m^[0m[0m
[0m[[0m[31merror[0m] [0m[0m[31m    |[0meof expected, but '}' found[0m
[0m[[0m[31merror[0m] [0m[0m[31m[31m-- [E006] Not Found Error: /Users/mackerel/Desktop/connect4/src/main/scala/GUI.scala:3:37 [0m[0m[0m
[0m[[0m[31merror[0m] [0m[0m[31m3 |[0m  [33mdef[0m [36mcreateBoard[0m([36mr[0m: [35mInt[0m, [36mc[0m: [35mInt[0m, [36mw[0m: [35mFunGraphics[0m): [35mArray[0m[[35mArray[0m[[35mInt[0m]] = {[0m
[0m[[0m[31merror[0m] [0m[0m[31m[31m  |[0m                                     ^^^^^^^^^^^[0m[0m
[0m[[0m[31merror[0m] [0m[0m[31m  |[0m                                     Not found: type FunGraphics[0m
[0m[[0m[31merror[0m] [0m[0m[31m  |[0m[0m
[0m[[0m[31merror[0m] [0m[0m[31m  |[0m longer explanation available when compiling with `-explain`[0m
[0m[[0m[31merror[0m] [0m[0m[31m[31m-- [E006] Not Found Error: /Users/mackerel/Desktop/connect4/src/main/scala/GUI.scala:6:28 [0m[0m[0m
[0m[[0m[31merror[0m] [0m[0m[31m6 |[0m    [33mval[0m [36mnotTooBrightYellow[0m: [35mColor[0m = [33mnew[0m [35mColor[0m([31m230[0m,[31m230[0m,[31m0[0m)[0m
[0m[[0m[31merror[0m] [0m[0m[31m[31m  |[0m                            ^^^^^[0m[0m
[0m[[0m[31merror[0m] [0m[0m[31m  |[0m                            Not found: type Color[0m
[0m[[0m[31merror[0m] [0m[0m[31m  |[0m[0m
[0m[[0m[31merror[0m] [0m[0m[31m  |[0m longer explanation available when compiling with `-explain`[0m
[0m[[0m[31merror[0m] [0m[0m[31m[31m-- [E006] Not Found Error: /Users/mackerel/Desktop/connect4/src/main/scala/GUI.scala:6:40 [0m[0m[0m
[0m[[0m[31merror[0m] [0m[0m[31m6 |[0m    [33mval[0m [36mnotTooBrightYellow[0m: [35mColor[0m = [33mnew[0m [35mColor[0m([31m230[0m,[31m230[0m,[31m0[0m)[0m
[0m[[0m[31merror[0m] [0m[0m[31m[31m  |[0m                                        ^^^^^[0m[0m
[0m[[0m[31merror[0m] [0m[0m[31m  |[0m                                        Not found: type Color[0m
[0m[[0m[31merror[0m] [0m[0m[31m  |[0m[0m
[0m[[0m[31merror[0m] [0m[0m[31m  |[0m longer explanation available when compiling with `-explain`[0m
[0m[[0m[31merror[0m] [0m[0m[31m[31m-- [E006] Not Found Error: /Users/mackerel/Desktop/connect4/src/main/scala/GUI.scala:22:106 [0m[0m[0m
[0m[[0m[31merror[0m] [0m[0m[31m22 |[0m  [33mdef[0m [36mdropToken[0m([36mboard[0m: [35mArray[0m[[35mArray[0m[[35mInt[0m]], [36mrow[0m: [35mInt[0m, [36mcolumn[0m: [35mInt[0m, [36mpiece[0m: [35mInt[0m, [36mposx[0m: [35mInt[0m, [36mposy[0m: [35mInt[0m, [36mcolor[0m: [35mColor[0m, [36mw[0m: [35mFunGraphics[0m): [35mUnit[0m = {[0m
[0m[[0m[31merror[0m] [0m[0m[31m[31m   |[0m                                                                                                          ^^^^^[0m[0m
[0m[[0m[31merror[0m] [0m[0m[31m   |[0m                                                   Not found: type Color[0m
[0m[[0m[31merror[0m] [0m[0m[31m   |[0m[0m
[0m[[0m[31merror[0m] [0m[0m[31m   |[0m longer explanation available when compiling with `-explain`[0m
[0m[[0m[31merror[0m] [0m[0m[31m[31m-- [E006] Not Found Error: /Users/mackerel/Desktop/connect4/src/main/scala/GUI.scala:22:116 [0m[0m[0m
[0m[[0m[31merror[0m] [0m[0m[31m22 |[0m  [33mdef[0m [36mdropToken[0m([36mboard[0m: [35mArray[0m[[35mArray[0m[[35mInt[0m]], [36mrow[0m: [35mInt[0m, [36mcolumn[0m: [35mInt[0m, [36mpiece[0m: [35mInt[0m, [36mposx[0m: [35mInt[0m, [36mposy[0m: [35mInt[0m, [36mcolor[0m: [35mColor[0m, [36mw[0m: [35mFunGraphics[0m): [35mUnit[0m = {[0m
[0m[[0m[31merror[0m] [0m[0m[31m[31m   |[0m                                                                                                                    ^^^^^^^^^^^[0m[0m
[0m[[0m[31merror[0m] [0m[0m[31m   |[0m                                             Not found: type FunGraphics[0m
[0m[[0m[31merror[0m] [0m[0m[31m   |[0m[0m
[0m[[0m[31merror[0m] [0m[0m[31m   |[0m longer explanation available when compiling with `-explain`[0m
[0m[[0m[31merror[0m] [0m[0m[31m[31m-- [E006] Not Found Error: /Users/mackerel/Desktop/connect4/src/main/scala/GUI.scala:30:19 [0m[0m[0m
[0m[[0m[31merror[0m] [0m[0m[31m30 |[0m  [33mdef[0m [36mtextTitle[0m([36mw[0m: [35mFunGraphics[0m, [36mplayer[0m: [35mString[0m): [35mUnit[0m = {[0m
[0m[[0m[31merror[0m] [0m[0m[31m[31m   |[0m                   ^^^^^^^^^^^[0m[0m
[0m[[0m[31merror[0m] [0m[0m[31m   |[0m                   Not found: type FunGraphics[0m
[0m[[0m[31merror[0m] [0m[0m[31m   |[0m[0m
[0m[[0m[31merror[0m] [0m[0m[31m   |[0m longer explanation available when compiling with `-explain`[0m
[0m[[0m[31merror[0m] [0m[0m[31m[31m-- [E006] Not Found Error: /Users/mackerel/Desktop/connect4/src/main/scala/GUI.scala:31:23 [0m[0m[0m
[0m[[0m[31merror[0m] [0m[0m[31m31 |[0m    [33mval[0m [36mhei_defr[0m = [33mnew[0m [35mGraphicsBitmap[0m([31m"/res/images/hei-defr.png"[0m)[0m
[0m[[0m[31merror[0m] [0m[0m[31m[31m   |[0m                       ^^^^^^^^^^^^^^[0m[0m
[0m[[0m[31merror[0m] [0m[0m[31m   |[0m                       Not found: type GraphicsBitmap[0m
[0m[[0m[31merror[0m] [0m[0m[31m   |[0m[0m
[0m[[0m[31merror[0m] [0m[0m[31m   |[0m longer explanation available when compiling with `-explain`[0m
[0m[[0m[31merror[0m] [0m[0m[31m[31m-- [E006] Not Found Error: /Users/mackerel/Desktop/connect4/src/main/scala/GUI.scala:32:23 [0m[0m[0m
[0m[[0m[31merror[0m] [0m[0m[31m32 |[0m    [33mval[0m [36misc_icon[0m = [33mnew[0m [35mGraphicsBitmap[0m([31m"/res/images/isc_icon.png"[0m)[0m
[0m[[0m[31merror[0m] [0m[0m[31m[31m   |[0m                       ^^^^^^^^^^^^^^[0m[0m
[0m[[0m[31merror[0m] [0m[0m[31m   |[0m                       Not found: type GraphicsBitmap[0m
[0m[[0m[31merror[0m] [0m[0m[31m   |[0m[0m
[0m[[0m[31merror[0m] [0m[0m[31m   |[0m longer explanation available when compiling with `-explain`[0m
[0m[[0m[31merror[0m] [0m[0m[31m[31m-- [E006] Not Found Error: /Users/mackerel/Desktop/connect4/src/main/scala/GUI.scala:45:24 [0m[0m[0m
[0m[[0m[31merror[0m] [0m[0m[31m45 |[0m  [33mdef[0m [36mtextPressStart[0m([36mw[0m: [35mFunGraphics[0m, [36mposx[0m: [35mInt[0m, [36mposy[0m: [35mInt[0m): [35mUnit[0m = {[0m
[0m[[0m[31merror[0m] [0m[0m[31m[31m   |[0m                        ^^^^^^^^^^^[0m[0m
[0m[[0m[31merror[0m] [0m[0m[31m   |[0m                        Not found: type FunGraphics[0m
[0m[[0m[31merror[0m] [0m[0m[31m   |[0m[0m
[0m[[0m[31merror[0m] [0m[0m[31m   |[0m longer explanation available when compiling with `-explain`[0m
[0m[[0m[31merror[0m] [0m[0m[31m[31m-- [E006] Not Found Error: /Users/mackerel/Desktop/connect4/src/main/scala/GUI.scala:50:20 [0m[0m[0m
[0m[[0m[31merror[0m] [0m[0m[31m50 |[0m  [33mdef[0m [36mtextPlayer[0m([36mw[0m: [35mFunGraphics[0m, [36mtext[0m: [35mString[0m): [35mUnit[0m = {[0m
[0m[[0m[31merror[0m] [0m[0m[31m[31m   |[0m                    ^^^^^^^^^^^[0m[0m
[0m[[0m[31merror[0m] [0m[0m[31m   |[0m                    Not found: type FunGraphics[0m
[0m[[0m[31merror[0m] [0m[0m[31m   |[0m[0m
[0m[[0m[31merror[0m] [0m[0m[31m   |[0m longer explanation available when compiling with `-explain`[0m
[0m[[0m[31merror[0m] [0m[0m[31m[31m-- [E006] Not Found Error: /Users/mackerel/Desktop/connect4/src/main/scala/GUI.scala:56:18 [0m[0m[0m
[0m[[0m[31merror[0m] [0m[0m[31m56 |[0m  [33mdef[0m [36mtextTurn[0m([36mw[0m: [35mFunGraphics[0m, [36mturn[0m: [35mInt[0m): [35mUnit[0m = {[0m
[0m[[0m[31merror[0m] [0m[0m[31m[31m   |[0m                  ^^^^^^^^^^^[0m[0m
[0m[[0m[31merror[0m] [0m[0m[31m   |[0m                  Not found: type FunGraphics[0m
[0m[[0m[31merror[0m] [0m[0m[31m   |[0m[0m
[0m[[0m[31merror[0m] [0m[0m[31m   |[0m longer explanation available when compiling with `-explain`[0m
[0m[[0m[31merror[0m] [0m[0m[31m[31m-- [E006] Not Found Error: /Users/mackerel/Desktop/connect4/src/main/scala/GUI.scala:62:17 [0m[0m[0m
[0m[[0m[31merror[0m] [0m[0m[31m62 |[0m  [33mdef[0m [36mtextWin[0m([36mw[0m: [35mFunGraphics[0m, [36mtext[0m: [35mString[0m): [35mUnit[0m = {[0m
[0m[[0m[31merror[0m] [0m[0m[31m[31m   |[0m                 ^^^^^^^^^^^[0m[0m
[0m[[0m[31merror[0m] [0m[0m[31m   |[0m                 Not found: type FunGraphics[0m
[0m[[0m[31merror[0m] [0m[0m[31m   |[0m[0m
[0m[[0m[31merror[0m] [0m[0m[31m   |[0m longer explanation available when compiling with `-explain`[0m
[0m[[0m[31merror[0m] [0m[0m[31m[31m-- [E006] Not Found Error: /Users/mackerel/Desktop/connect4/src/main/scala/GUI.scala:69:26 [0m[0m[0m
[0m[[0m[31merror[0m] [0m[0m[31m69 |[0m  [33mdef[0m [36mtextPressRestart[0m([36mw[0m: [35mFunGraphics[0m): [35mUnit[0m = {[0m
[0m[[0m[31merror[0m] [0m[0m[31m[31m   |[0m                          ^^^^^^^^^^^[0m[0m
[0m[[0m[31merror[0m] [0m[0m[31m   |[0m                          Not found: type FunGraphics[0m
[0m[[0m[31merror[0m] [0m[0m[31m   |[0m[0m
[0m[[0m[31merror[0m] [0m[0m[31m   |[0m longer explanation available when compiling with `-explain`[0m
[0m[[0m[31merror[0m] [0m[0m[31m[31m-- [E006] Not Found Error: /Users/mackerel/Desktop/connect4/src/main/scala/GUI.scala:75:17 [0m[0m[0m
[0m[[0m[31merror[0m] [0m[0m[31m75 |[0m  [33mdef[0m [36mtextTie[0m([36mw[0m: [35mFunGraphics[0m): [35mUnit[0m = {[0m
[0m[[0m[31merror[0m] [0m[0m[31m[31m   |[0m                 ^^^^^^^^^^^[0m[0m
[0m[[0m[31merror[0m] [0m[0m[31m   |[0m                 Not found: type FunGraphics[0m
[0m[[0m[31merror[0m] [0m[0m[31m   |[0m[0m
[0m[[0m[31merror[0m] [0m[0m[31m   |[0m longer explanation available when compiling with `-explain`[0m
[0m[[0m[31merror[0m] [0m[0m[31m[31m-- [E006] Not Found Error: /Users/mackerel/Desktop/connect4/src/main/scala/Main.scala:40:53 [0m[0m[0m
[0m[[0m[31merror[0m] [0m[0m[31m40 |[0m      board(i + [31m2[0m)(j) == token && board(i + [31m3[0m)(j) == piece) check = [31mtrue[0m[0m
[0m[[0m[31merror[0m] [0m[0m[31m[31m   |[0m                                                     ^^^^^[0m[0m
[0m[[0m[31merror[0m] [0m[0m[31m   |[0m                                                     Not found: piece[0m
[0m[[0m[31merror[0m] [0m[0m[31m   |[0m[0m
[0m[[0m[31merror[0m] [0m[0m[31m   |[0m longer explanation available when compiling with `-explain`[0m
[0m[[0m[31merror[0m] [0m[0m[31m[31m-- [E006] Not Found Error: /Users/mackerel/Desktop/connect4/src/main/scala/Main.scala:54:9 [0m[0m[0m
[0m[[0m[31merror[0m] [0m[0m[31m54 |[0m  [33mval[0m [36mw[0m: [35mFunGraphics[0m = [33mnew[0m [35mFunGraphics[0m([31m700[0m, [31m700[0m, [31m"Connect 4, 2024 by UK & SJCG - ISC"[0m)[0m
[0m[[0m[31merror[0m] [0m[0m[31m[31m   |[0m         ^^^^^^^^^^^[0m[0m
[0m[[0m[31merror[0m] [0m[0m[31m   |[0m         Not found: type FunGraphics[0m
[0m[[0m[31merror[0m] [0m[0m[31m   |[0m[0m
[0m[[0m[31merror[0m] [0m[0m[31m   |[0m longer explanation available when compiling with `-explain`[0m
[0m[[0m[31merror[0m] [0m[0m[31m[31m-- [E006] Not Found Error: /Users/mackerel/Desktop/connect4/src/main/scala/Main.scala:54:27 [0m[0m[0m
[0m[[0m[31merror[0m] [0m[0m[31m54 |[0m  [33mval[0m [36mw[0m: [35mFunGraphics[0m = [33mnew[0m [35mFunGraphics[0m([31m700[0m, [31m700[0m, [31m"Connect 4, 2024 by UK & SJCG - ISC"[0m)[0m
[0m[[0m[31merror[0m] [0m[0m[31m[31m   |[0m                           ^^^^^^^^^^^[0m[0m
[0m[[0m[31merror[0m] [0m[0m[31m   |[0m                           Not found: type FunGraphics[0m
[0m[[0m[31merror[0m] [0m[0m[31m   |[0m[0m
[0m[[0m[31merror[0m] [0m[0m[31m   |[0m longer explanation available when compiling with `-explain`[0m
[0m[[0m[31merror[0m] [0m[0m[31m[31m-- [E006] Not Found Error: /Users/mackerel/Desktop/connect4/src/main/scala/Main.scala:66:7 [0m[0m[0m
[0m[[0m[31merror[0m] [0m[0m[31m66 |[0m    [33mif[0m(e.getKeyChar == [31m'1'[0m && boardStatus) column = [31m0[0m[0m
[0m[[0m[31merror[0m] [0m[0m[31m[31m   |[0m       ^[0m[0m
[0m[[0m[31merror[0m] [0m[0m[31m   |[0m       Not found: e[0m
[0m[[0m[31merror[0m] [0m[0m[31m   |[0m[0m
[0m[[0m[31merror[0m] [0m[0m[31m   |[0m longer explanation available when compiling with `-explain`[0m
[0m[[0m[31merror[0m] [0m[0m[31m[31m-- [E006] Not Found Error: /Users/mackerel/Desktop/connect4/src/main/scala/Main.scala:67:13 [0m[0m[0m
[0m[[0m[31merror[0m] [0m[0m[31m67 |[0m    [33melse[0m [33mif[0m (e.getKeyChar == [31m'2'[0m && boardStatus) column = [31m1[0m[0m
[0m[[0m[31merror[0m] [0m[0m[31m[31m   |[0m             ^[0m[0m
[0m[[0m[31merror[0m] [0m[0m[31m   |[0m             Not found: e[0m
[0m[[0m[31merror[0m] [0m[0m[31m   |[0m[0m
[0m[[0m[31merror[0m] [0m[0m[31m   |[0m longer explanation available when compiling with `-explain`[0m
[0m[[0m[31merror[0m] [0m[0m[31m[31m-- [E006] Not Found Error: /Users/mackerel/Desktop/connect4/src/main/scala/Main.scala:68:13 [0m[0m[0m
[0m[[0m[31merror[0m] [0m[0m[31m68 |[0m    [33melse[0m [33mif[0m (e.getKeyChar == [31m'3'[0m && boardStatus) column = [31m2[0m[0m
[0m[[0m[31merror[0m] [0m[0m[31m[31m   |[0m             ^[0m[0m
[0m[[0m[31merror[0m] [0m[0m[31m   |[0m             Not found: e[0m
[0m[[0m[31merror[0m] [0m[0m[31m   |[0m[0m
[0m[[0m[31merror[0m] [0m[0m[31m   |[0m longer explanation available when compiling with `-explain`[0m
[0m[[0m[31merror[0m] [0m[0m[31m[31m-- [E006] Not Found Error: /Users/mackerel/Desktop/connect4/src/main/scala/Main.scala:69:13 [0m[0m[0m
[0m[[0m[31merror[0m] [0m[0m[31m69 |[0m    [33melse[0m [33mif[0m (e.getKeyChar == [31m'4'[0m && boardStatus) column = [31m3[0m[0m
[0m[[0m[31merror[0m] [0m[0m[31m[31m   |[0m             ^[0m[0m
[0m[[0m[31merror[0m] [0m[0m[31m   |[0m             Not found: e[0m
[0m[[0m[31merror[0m] [0m[0m[31m   |[0m[0m
[0m[[0m[31merror[0m] [0m[0m[31m   |[0m longer explanation available when compiling with `-explain`[0m
[0m[[0m[31merror[0m] [0m[0m[31m[31m-- [E006] Not Found Error: /Users/mackerel/Desktop/connect4/src/main/scala/Main.scala:70:13 [0m[0m[0m
[0m[[0m[31merror[0m] [0m[0m[31m70 |[0m    [33melse[0m [33mif[0m (e.getKeyChar == [31m'5'[0m && boardStatus) column = [31m4[0m[0m
[0m[[0m[31merror[0m] [0m[0m[31m[31m   |[0m             ^[0m[0m
[0m[[0m[31merror[0m] [0m[0m[31m   |[0m             Not found: e[0m
[0m[[0m[31merror[0m] [0m[0m[31m   |[0m[0m
[0m[[0m[31merror[0m] [0m[0m[31m   |[0m longer explanation available when compiling with `-explain`[0m
[0m[[0m[31merror[0m] [0m[0m[31m[31m-- [E006] Not Found Error: /Users/mackerel/Desktop/connect4/src/main/scala/Main.scala:71:13 [0m[0m[0m
[0m[[0m[31merror[0m] [0m[0m[31m71 |[0m    [33melse[0m [33mif[0m (e.getKeyChar == [31m'6'[0m && boardStatus) column = [31m5[0m[0m
[0m[[0m[31merror[0m] [0m[0m[31m[31m   |[0m             ^[0m[0m
[0m[[0m[31merror[0m] [0m[0m[31m   |[0m             Not found: e[0m
[0m[[0m[31merror[0m] [0m[0m[31m   |[0m[0m
[0m[[0m[31merror[0m] [0m[0m[31m   |[0m longer explanation available when compiling with `-explain`[0m
[0m[[0m[31merror[0m] [0m[0m[31m[31m-- [E006] Not Found Error: /Users/mackerel/Desktop/connect4/src/main/scala/Main.scala:72:13 [0m[0m[0m
[0m[[0m[31merror[0m] [0m[0m[31m72 |[0m    [33melse[0m [33mif[0m (e.getKeyChar == [31m'7'[0m && boardStatus) column = [31m6[0m[0m
[0m[[0m[31merror[0m] [0m[0m[31m[31m   |[0m             ^[0m[0m
[0m[[0m[31merror[0m] [0m[0m[31m   |[0m             Not found: e[0m
[0m[[0m[31merror[0m] [0m[0m[31m   |[0m[0m
[0m[[0m[31merror[0m] [0m[0m[31m   |[0m longer explanation available when compiling with `-explain`[0m
[0m[[0m[31merror[0m] [0m[0m[31m[31m-- [E006] Not Found Error: /Users/mackerel/Desktop/connect4/src/main/scala/Main.scala:73:13 [0m[0m[0m
[0m[[0m[31merror[0m] [0m[0m[31m73 |[0m    [33melse[0m [33mif[0m (e.getKeyChar == [31m's'[0m && !started) {[0m
[0m[[0m[31merror[0m] [0m[0m[31m[31m   |[0m             ^[0m[0m
[0m[[0m[31merror[0m] [0m[0m[31m   |[0m             Not found: e[0m
[0m[[0m[31merror[0m] [0m[0m[31m   |[0m[0m
[0m[[0m[31merror[0m] [0m[0m[31m   |[0m longer explanation available when compiling with `-explain`[0m
[0m[[0m[31merror[0m] [0m[0m[31m[31m-- [E006] Not Found Error: /Users/mackerel/Desktop/connect4/src/main/scala/Main.scala:81:12 [0m[0m[0m
[0m[[0m[31merror[0m] [0m[0m[31m81 |[0m    [33melse[0m [33mif[0m(e.getKeyChar == [31m'r'[0m && started){[0m
[0m[[0m[31merror[0m] [0m[0m[31m[31m   |[0m            ^[0m[0m
[0m[[0m[31merror[0m] [0m[0m[31m   |[0m            Not found: e[0m
[0m[[0m[31merror[0m] [0m[0m[31m   |[0m[0m
[0m[[0m[31merror[0m] [0m[0m[31m   |[0m longer explanation available when compiling with `-explain`[0m
[0m[[0m[31merror[0m] [0m[0m[31m[31m-- [E050] Type Error: /Users/mackerel/Desktop/connect4/src/main/scala/Main.scala:102:50 [0m[0m[0m
[0m[[0m[31merror[0m] [0m[0m[31m102 |[0m          interface.dropToken(board, row, column, [31m1[0m (column * [31m100[0m) + [31m5[0m, (row * [31m100[0m) + [31m105[0m, Color.blue, w)[0m
[0m[[0m[31merror[0m] [0m[0m[31m[31m    |[0m                                                  ^[0m[0m
[0m[[0m[31merror[0m] [0m[0m[31m    |[0m                                   expression does not take parameters[0m
[0m[[0m[31merror[0m] [0m[0m[31m    |[0m[0m
[0m[[0m[31merror[0m] [0m[0m[31m    |[0m longer explanation available when compiling with `-explain`[0m
[0m[[0m[31merror[0m] [0m[0m[31m[31m-- [E006] Not Found Error: /Users/mackerel/Desktop/connect4/src/main/scala/Main.scala:102:91 [0m[0m[0m
[0m[[0m[31merror[0m] [0m[0m[31m102 |[0m          interface.dropToken(board, row, column, [31m1[0m (column * [31m100[0m) + [31m5[0m, (row * [31m100[0m) + [31m105[0m, Color.blue, w)[0m
[0m[[0m[31merror[0m] [0m[0m[31m[31m    |[0m                                                                                           ^^^^^[0m[0m
[0m[[0m[31merror[0m] [0m[0m[31m    |[0m                                                      Not found: Color[0m
[0m[[0m[31merror[0m] [0m[0m[31m    |[0m[0m
[0m[[0m[31merror[0m] [0m[0m[31m    |[0m longer explanation available when compiling with `-explain`[0m
[0m[[0m[31merror[0m] [0m[0m[31m[31m-- [E006] Not Found Error: /Users/mackerel/Desktop/connect4/src/main/scala/Main.scala:125:92 [0m[0m[0m
[0m[[0m[31merror[0m] [0m[0m[31m125 |[0m          interface.dropToken(board, row, column, [31m2[0m, (column * [31m100[0m) + [31m5[0m, (row * [31m100[0m) + [31m105[0m, Color.red, w)[0m
[0m[[0m[31merror[0m] [0m[0m[31m[31m    |[0m                                                                                            ^^^^^[0m[0m
[0m[[0m[31merror[0m] [0m[0m[31m    |[0m                                                      Not found: Color[0m
[0m[[0m[31merror[0m] [0m[0m[31m    |[0m[0m
[0m[[0m[31merror[0m] [0m[0m[31m    |[0m longer explanation available when compiling with `-explain`[0m
[0m[[0m[31merror[0m] [0m[0m31 errors found[0m
[0m[[0m[31merror[0m] [0m[0m(Compile / [31mcompileIncremental[0m) Compilation failed[0m
[0m[[0m[31merror[0m] [0m[0mTotal time: 0 s, completed 15 Jan 2024, 21:09:50[0m
[0m[[0m[0mdebug[0m] [0m[0m> Exec(shell, None, None)[0m
