[0m[[0m[0mdebug[0m] [0m[0m> Exec(run, Some(9f6e179e-d15c-4f22-ba37-d8314c885218), Some(CommandSource(console0)))[0m
[0m[[0m[0mdebug[0m] [0m[0mEvaluating tasks: Compile / run[0m
[0m[[0m[0mdebug[0m] [0m[0mRunning task... Cancel: Signal, check cycles: false, forcegc: true[0m
[0m[[0m[0minfo[0m] [0m[0mcompiling 2 Scala sources to /Users/mackerel/Desktop/connect4/target/scala-3.3.1/classes ...[0m
[0m[[0m[31merror[0m] [0m[0m[31m[31m-- [E050] Type Error: /Users/mackerel/Desktop/connect4/src/main/scala/Main.scala:108:52 [0m[0m[0m
[0m[[0m[31merror[0m] [0m[0m[31m108 |[0m            interface.dropToken(board, row, column, [31m1[0m (column * [31m100[0m) + [31m5[0m, (row * [31m100[0m) + [31m105[0m, Color.blue, w)[0m
[0m[[0m[31merror[0m] [0m[0m[31m[31m    |[0m                                                    ^[0m[0m
[0m[[0m[31merror[0m] [0m[0m[31m    |[0m                                   expression does not take parameters[0m
[0m[[0m[31merror[0m] [0m[0m[31m    |[0m[0m
[0m[[0m[31merror[0m] [0m[0m[31m    |[0m longer explanation available when compiling with `-explain`[0m
[0m[[0m[31merror[0m] [0m[0m[31m[31m-- [E007] Type Mismatch Error: /Users/mackerel/Desktop/connect4/src/main/scala/Main.scala:108:99 [0m[0m[0m
[0m[[0m[31merror[0m] [0m[0m[31m108 |[0m            interface.dropToken(board, row, column, [31m1[0m (column * [31m100[0m) + [31m5[0m, (row * [31m100[0m) + [31m105[0m, Color.blue, w)[0m
[0m[[0m[31merror[0m] [0m[0m[31m[31m    |[0m                                                                                             ^^^^^^^^^^[0m[0m
[0m[[0m[31merror[0m] [0m[0m[31m    |[0m                      Found:    (java.awt.Color.blue : java.awt.Color)[0m
[0m[[0m[31merror[0m] [0m[0m[31m    |[0m                      Required: Int[0m
[0m[[0m[31merror[0m] [0m[0m[31m    |[0m[0m
[0m[[0m[31merror[0m] [0m[0m[31m    |[0m longer explanation available when compiling with `-explain`[0m
[0m[[0m[31merror[0m] [0m[0m[31m[31m-- [E007] Type Mismatch Error: /Users/mackerel/Desktop/connect4/src/main/scala/Main.scala:108:105 [0m[0m[0m
[0m[[0m[31merror[0m] [0m[0m[31m108 |[0m            interface.dropToken(board, row, column, [31m1[0m (column * [31m100[0m) + [31m5[0m, (row * [31m100[0m) + [31m105[0m, Color.blue, w)[0m
[0m[[0m[31merror[0m] [0m[0m[31m[31m    |[0m                                                                                                         ^[0m[0m
[0m[[0m[31merror[0m] [0m[0m[31m    |[0m                        Found:    (Main.w : hevs.graphics.FunGraphics)[0m
[0m[[0m[31merror[0m] [0m[0m[31m    |[0m                        Required: java.awt.Color[0m
[0m[[0m[31merror[0m] [0m[0m[31m    |[0m[0m
[0m[[0m[31merror[0m] [0m[0m[31m    |[0m longer explanation available when compiling with `-explain`[0m
[0m[[0m[31merror[0m] [0m[0mthree errors found[0m
[0m[[0m[31merror[0m] [0m[0m(Compile / [31mcompileIncremental[0m) Compilation failed[0m
[0m[[0m[31merror[0m] [0m[0mTotal time: 0 s, completed 15 Jan 2024, 21:22:20[0m
[0m[[0m[0mdebug[0m] [0m[0m> Exec(shell, None, None)[0m
